#-----------------------------------------------------------
# Vivado v2016.4 (64-bit)
# SW Build 1756540 on Mon Jan 23 19:11:23 MST 2017
# IP Build 1755317 on Mon Jan 23 20:30:07 MST 2017
# Start of session at: Wed May 25 14:24:19 2022
# Process ID: 11444
# Current directory: C:/Users/MSI/Documents/Semestrul 2 anul 2/AC/mips ciclu unic final ALEXA
# Command line: vivado.exe -gui_launcher_event rodinguilauncherevent13252 C:\Users\MSI\Documents\Semestrul 2 anul 2\AC\mips ciclu unic final ALEXA\mips ciclu unic final ALEXA.xpr
# Log file: C:/Users/MSI/Documents/Semestrul 2 anul 2/AC/mips ciclu unic final ALEXA/vivado.log
# Journal file: C:/Users/MSI/Documents/Semestrul 2 anul 2/AC/mips ciclu unic final ALEXA\vivado.jou
#-----------------------------------------------------------
start_gui
open_project {C:/Users/MSI/Documents/Semestrul 2 anul 2/AC/mips ciclu unic final ALEXA/mips ciclu unic final ALEXA.xpr}
Scanning sources...
Finished scanning sources
INFO: [IP_Flow 19-234] Refreshing IP repositories
INFO: [IP_Flow 19-1704] No user IP repositories specified
INFO: [IP_Flow 19-2313] Loaded Vivado IP repository 'C:/Xilinx/Vivado/2016.4/data/ip'.
update_compile_order -fileset sources_1
update_compile_order -fileset sim_1
reset_run synth_1
launch_runs impl_1 -jobs 6
[Wed May 25 14:26:11 2022] Launched synth_1...
Run output will be captured here: C:/Users/MSI/Documents/Semestrul 2 anul 2/AC/mips ciclu unic final ALEXA/mips ciclu unic final ALEXA.runs/synth_1/runme.log
[Wed May 25 14:26:11 2022] Launched impl_1...
Run output will be captured here: C:/Users/MSI/Documents/Semestrul 2 anul 2/AC/mips ciclu unic final ALEXA/mips ciclu unic final ALEXA.runs/impl_1/runme.log
